<?xml version="1.0" encoding="UTF-8"?>
<!-- Generated by org.testng.reporters.JUnitReportReporter -->
<testsuite skipped="0" hostname="PulkitArora-PC" name="tests.RegisterLinkdin" tests="1" failures="0" timestamp="2020-05-11T19:41:02 IST" time="152.695" errors="0">
  <testcase name="Sign_Up" time="152.695" classname="tests.RegisterLinkdin"/>
  <system-out/>
</testsuite> <!-- tests.RegisterLinkdin -->
